<?xml version="1.0" encoding="UTF-8"?>
<!-- Generated by org.testng.reporters.JUnitReportReporter -->
<testsuite hostname="MBP-RAM.local" failures="0" tests="1" name="flowerd.FlowerdStore" time="44.180" errors="0" timestamp="2022-08-17T13:17:07 AST" skipped="0">
  <testcase classname="flowerd.FlowerdStore" name="sigup" time="44.180"/>
  <system-out/>
</testsuite> <!-- flowerd.FlowerdStore -->
